<?xml version="1.0" encoding="UTF-8"?>
<!-- Generated by org.testng.reporters.JUnitXMLReporter -->
<testsuite ignored="0" hostname="DESKTOP-EF2N6LC" failures="1" tests="7" name="TestAnnotationsFirst" time="0.15" errors="0" timestamp="2023-09-19T23:40:10 IST">
  <testcase classname="miscelleneous.TestNGDemoA" name="demoA" time="0.007"/>
  <testcase classname="miscelleneous.TestNGDemoA" name="openBlogD" time="0.0">
    <failure type="org.testng.TestNGException" message="
Parameter &amp;apos;URL&amp;apos; is required by @Test on method openBlogD but has not been marked @Optional or defined
in C:\Users\dell\eclipse-workspace\QaFoxSelenium\testng.xml">
      <![CDATA[org.testng.TestNGException: 
Parameter 'URL' is required by @Test on method openBlogD but has not been marked @Optional or defined
in C:\Users\dell\eclipse-workspace\QaFoxSelenium\testng.xml
at java.base/java.util.ArrayList.forEach(ArrayList.java:1511)
... Removed 30 stack frames]]>
    </failure>
  </testcase> <!-- openBlogD -->
  <testcase classname="miscelleneous.TestNGDemoA" name="smokeMethodB" time="0.001"/>
  <testcase classname="miscelleneous.TestNGDemoB" name="demoB" time="0.001"/>
  <testcase classname="miscelleneous.TestNGDemoB" name="printName" time="0.004"/>
  <testcase classname="testng.TestNGDemoF" name="demoF" time="0.002"/>
  <testcase classname="testng.SkipTestCase" name="skipTestCase" time="0.004">
    <skipped/>
  </testcase> <!-- skipTestCase -->
</testsuite> <!-- TestAnnotationsFirst -->
